2023.05.17 22:04:52.731 INFO  Log4j.Demo_Log4j2 - Logging level: DEBUG
2023.05.17 22:04:52.734 DEBUG Log4j.Demo_Log4j2 - Debug Message!
2023.05.17 22:04:52.734 INFO  Log4j.Demo_Log4j2 - Info Message!
2023.05.17 22:04:52.734 WARN  Log4j.Demo_Log4j2 - Warn Message!
2023.05.17 22:04:52.734 ERROR Log4j.Demo_Log4j2 - Error Message!
2023.05.17 22:04:52.734 FATAL Log4j.Demo_Log4j2 - Fatal Message!
2023.05.17 22:17:25.902 INFO  Server.Server - Starting server at port = 5400
2023.05.17 22:17:26.910 DEBUG Server.Server - Socket timeout
2023.05.17 22:17:27.918 DEBUG Server.Server - Socket timeout
2023.05.17 22:17:28.929 DEBUG Server.Server - Socket timeout
2023.05.17 22:17:29.942 DEBUG Server.Server - Socket timeout
2023.05.17 22:17:30.949 DEBUG Server.Server - Socket timeout
2023.05.17 22:17:31.533 INFO  Server.Server - Client accepted: Socket[addr=/192.168.0.194,port=65335,localport=5400]
2023.05.17 22:17:32.545 DEBUG Server.Server - Socket timeout
2023.05.17 22:17:33.556 DEBUG Server.Server - Socket timeout
2023.05.17 22:17:34.076 INFO  Server.Server - Done handling client: Socket[addr=/192.168.0.194,port=65335,localport=5400]
2023.05.17 22:17:34.567 DEBUG Server.Server - Socket timeout
2023.05.17 22:17:34.690 INFO  Server.Server - Client accepted: Socket[addr=/192.168.0.194,port=65342,localport=5400]
2023.05.17 22:17:35.698 DEBUG Server.Server - Socket timeout
2023.05.17 22:17:36.705 DEBUG Server.Server - Socket timeout
2023.05.17 22:17:37.710 DEBUG Server.Server - Socket timeout
2023.05.17 22:17:38.716 DEBUG Server.Server - Socket timeout
2023.05.17 22:17:39.721 DEBUG Server.Server - Socket timeout
2023.05.17 22:17:40.727 DEBUG Server.Server - Socket timeout
2023.05.17 22:17:41.734 DEBUG Server.Server - Socket timeout
2023.05.17 22:17:42.744 DEBUG Server.Server - Socket timeout
2023.05.17 22:17:43.758 DEBUG Server.Server - Socket timeout
2023.05.17 22:17:44.766 DEBUG Server.Server - Socket timeout
2023.05.17 22:17:45.772 DEBUG Server.Server - Socket timeout
2023.05.17 22:17:46.775 DEBUG Server.Server - Socket timeout
2023.05.17 22:17:47.785 DEBUG Server.Server - Socket timeout
2023.05.17 22:17:48.792 DEBUG Server.Server - Socket timeout
2023.05.17 22:17:49.807 DEBUG Server.Server - Socket timeout
2023.05.17 22:17:50.818 DEBUG Server.Server - Socket timeout
2023.05.17 22:17:51.831 DEBUG Server.Server - Socket timeout
2023.05.17 22:17:52.832 DEBUG Server.Server - Socket timeout
2023.05.17 22:17:53.841 DEBUG Server.Server - Socket timeout
2023.05.17 22:17:54.852 DEBUG Server.Server - Socket timeout
2023.05.17 22:17:55.864 DEBUG Server.Server - Socket timeout
2023.05.17 22:17:56.875 DEBUG Server.Server - Socket timeout
2023.05.17 22:17:57.887 DEBUG Server.Server - Socket timeout
2023.05.17 22:17:58.895 DEBUG Server.Server - Socket timeout
2023.05.17 22:17:59.906 DEBUG Server.Server - Socket timeout
2023.05.17 22:18:00.914 DEBUG Server.Server - Socket timeout
2023.05.17 22:18:01.923 DEBUG Server.Server - Socket timeout
2023.05.17 22:18:02.933 DEBUG Server.Server - Socket timeout
2023.05.17 22:18:03.947 DEBUG Server.Server - Socket timeout
2023.05.17 22:18:04.962 DEBUG Server.Server - Socket timeout
2023.05.17 22:18:05.975 DEBUG Server.Server - Socket timeout
2023.05.17 22:18:06.987 DEBUG Server.Server - Socket timeout
2023.05.17 22:18:07.997 DEBUG Server.Server - Socket timeout
2023.05.17 22:18:09.009 DEBUG Server.Server - Socket timeout
2023.05.17 22:18:10.019 DEBUG Server.Server - Socket timeout
2023.05.17 22:18:11.032 DEBUG Server.Server - Socket timeout
2023.05.17 22:18:12.033 DEBUG Server.Server - Socket timeout
2023.05.17 22:18:13.041 DEBUG Server.Server - Socket timeout
2023.05.17 22:18:14.049 DEBUG Server.Server - Socket timeout
2023.05.17 22:18:18.995 INFO  Server.Server - Starting server at port = 5400
2023.05.17 22:18:20.012 DEBUG Server.Server - Socket timeout
2023.05.17 22:18:21.023 DEBUG Server.Server - Socket timeout
2023.05.17 22:18:22.029 DEBUG Server.Server - Socket timeout
2023.05.17 22:18:23.040 DEBUG Server.Server - Socket timeout
2023.05.17 22:18:24.049 DEBUG Server.Server - Socket timeout
2023.05.17 22:18:25.064 DEBUG Server.Server - Socket timeout
2023.05.17 22:18:26.073 DEBUG Server.Server - Socket timeout
2023.05.17 22:18:27.073 DEBUG Server.Server - Socket timeout
2023.05.17 22:18:28.076 DEBUG Server.Server - Socket timeout
2023.05.17 22:18:28.293 INFO  Server.Server - Client accepted: Socket[addr=/192.168.0.194,port=65434,localport=5400]
2023.05.17 22:18:29.307 DEBUG Server.Server - Socket timeout
2023.05.17 22:18:30.317 DEBUG Server.Server - Socket timeout
2023.05.17 22:18:31.331 DEBUG Server.Server - Socket timeout
2023.05.17 22:18:32.340 DEBUG Server.Server - Socket timeout
2023.05.17 22:18:33.349 DEBUG Server.Server - Socket timeout
2023.05.17 22:18:34.361 DEBUG Server.Server - Socket timeout
2023.05.17 22:18:34.538 INFO  Server.Server - Done handling client: Socket[addr=/192.168.0.194,port=65434,localport=5400]
2023.05.17 22:18:35.135 INFO  Server.Server - Client accepted: Socket[addr=/192.168.0.194,port=65447,localport=5400]
2023.05.17 22:18:36.147 DEBUG Server.Server - Socket timeout
2023.05.17 22:18:37.151 DEBUG Server.Server - Socket timeout
2023.05.17 22:18:38.159 DEBUG Server.Server - Socket timeout
2023.05.17 22:18:39.174 DEBUG Server.Server - Socket timeout
2023.05.17 22:18:40.178 DEBUG Server.Server - Socket timeout
2023.05.17 22:18:41.186 DEBUG Server.Server - Socket timeout
2023.05.17 22:18:42.189 DEBUG Server.Server - Socket timeout
2023.05.17 22:18:43.200 DEBUG Server.Server - Socket timeout
2023.05.17 22:18:44.210 DEBUG Server.Server - Socket timeout
2023.05.17 22:18:45.220 DEBUG Server.Server - Socket timeout
2023.05.17 22:18:46.226 DEBUG Server.Server - Socket timeout
2023.05.17 22:18:47.226 DEBUG Server.Server - Socket timeout
2023.05.17 22:18:48.234 DEBUG Server.Server - Socket timeout
2023.05.17 22:18:49.244 DEBUG Server.Server - Socket timeout
2023.05.17 22:18:50.254 DEBUG Server.Server - Socket timeout
2023.05.17 22:18:51.266 DEBUG Server.Server - Socket timeout
2023.05.17 22:18:52.279 DEBUG Server.Server - Socket timeout
2023.05.17 22:18:53.291 DEBUG Server.Server - Socket timeout
2023.05.17 22:18:54.297 DEBUG Server.Server - Socket timeout
2023.05.17 22:18:55.307 DEBUG Server.Server - Socket timeout
2023.05.17 22:18:56.314 DEBUG Server.Server - Socket timeout
2023.05.17 22:18:57.326 DEBUG Server.Server - Socket timeout
2023.05.17 22:18:58.339 DEBUG Server.Server - Socket timeout
2023.05.17 22:18:59.349 DEBUG Server.Server - Socket timeout
2023.05.17 22:19:00.363 DEBUG Server.Server - Socket timeout
2023.05.17 22:19:01.369 DEBUG Server.Server - Socket timeout
2023.05.17 22:19:02.383 DEBUG Server.Server - Socket timeout
2023.05.17 22:19:03.394 DEBUG Server.Server - Socket timeout
2023.05.17 22:19:04.396 DEBUG Server.Server - Socket timeout
2023.05.17 22:19:05.408 DEBUG Server.Server - Socket timeout
2023.05.17 22:19:06.420 DEBUG Server.Server - Socket timeout
2023.05.17 22:19:07.425 DEBUG Server.Server - Socket timeout
2023.05.17 22:19:08.437 DEBUG Server.Server - Socket timeout
2023.05.17 22:19:09.447 DEBUG Server.Server - Socket timeout
2023.05.17 22:19:10.455 DEBUG Server.Server - Socket timeout
2023.05.17 22:19:11.465 DEBUG Server.Server - Socket timeout
2023.05.17 22:19:17.124 INFO  Server.Server - Starting server at port = 5400
2023.05.17 22:19:18.129 DEBUG Server.Server - Socket timeout
2023.05.17 22:19:19.139 DEBUG Server.Server - Socket timeout
2023.05.17 22:19:20.149 DEBUG Server.Server - Socket timeout
2023.05.17 22:19:20.824 INFO  Server.Server - Client accepted: Socket[addr=/192.168.0.194,port=65503,localport=5400]
2023.05.17 22:19:25.293 DEBUG Server.Server - Socket timeout
2023.05.17 22:19:26.299 DEBUG Server.Server - Socket timeout
2023.05.17 22:19:27.308 DEBUG Server.Server - Socket timeout
2023.05.17 22:19:28.321 DEBUG Server.Server - Socket timeout
2023.05.17 22:19:28.371 INFO  Server.Server - Done handling client: Socket[addr=/192.168.0.194,port=65503,localport=5400]
2023.05.17 22:19:29.001 INFO  Server.Server - Client accepted: Socket[addr=/192.168.0.194,port=65515,localport=5400]
2023.05.17 22:20:19.431 INFO  Server.Server - Starting server at port = 5400
2023.05.17 22:20:20.442 DEBUG Server.Server - Socket timeout
2023.05.17 22:20:21.215 INFO  Server.Server - Client accepted: Socket[addr=/192.168.0.194,port=49174,localport=5400]
2023.05.17 22:20:24.822 DEBUG Server.Server - Socket timeout
2023.05.17 22:20:25.828 DEBUG Server.Server - Socket timeout
2023.05.17 22:20:26.840 DEBUG Server.Server - Socket timeout
2023.05.17 22:20:27.849 DEBUG Server.Server - Socket timeout
2023.05.17 22:20:28.858 DEBUG Server.Server - Socket timeout
2023.05.17 22:20:29.865 DEBUG Server.Server - Socket timeout
2023.05.17 22:20:30.873 DEBUG Server.Server - Socket timeout
2023.05.17 22:20:31.883 DEBUG Server.Server - Socket timeout
2023.05.17 22:20:32.883 DEBUG Server.Server - Socket timeout
2023.05.17 22:20:33.888 DEBUG Server.Server - Socket timeout
2023.05.17 22:21:39.714 INFO  Server.Server - Client accepted: Socket[addr=/192.168.0.194,port=49202,localport=5400]
2023.05.17 22:21:39.715 INFO  Server.Server - Done handling client: Socket[addr=/192.168.0.194,port=49174,localport=5400]
2023.05.17 22:21:42.560 INFO  Server.Server - Starting server at port = 5400
2023.05.17 22:21:43.569 DEBUG Server.Server - Socket timeout
2023.05.17 22:21:44.576 DEBUG Server.Server - Socket timeout
2023.05.17 22:21:45.590 DEBUG Server.Server - Socket timeout
2023.05.17 22:21:46.601 DEBUG Server.Server - Socket timeout
2023.05.17 22:21:47.609 DEBUG Server.Server - Socket timeout
2023.05.17 22:21:48.620 DEBUG Server.Server - Socket timeout
2023.05.17 22:21:49.630 DEBUG Server.Server - Socket timeout
2023.05.17 22:21:50.639 DEBUG Server.Server - Socket timeout
2023.05.17 22:21:51.641 DEBUG Server.Server - Socket timeout
2023.05.17 22:21:51.719 INFO  Server.Server - Client accepted: Socket[addr=/192.168.0.194,port=49271,localport=5400]
2023.05.17 22:21:52.732 DEBUG Server.Server - Socket timeout
2023.05.17 22:21:53.745 DEBUG Server.Server - Socket timeout
2023.05.17 22:21:54.759 DEBUG Server.Server - Socket timeout
2023.05.17 22:21:55.145 INFO  Server.Server - Done handling client: Socket[addr=/192.168.0.194,port=49271,localport=5400]
2023.05.17 22:21:55.768 DEBUG Server.Server - Socket timeout
2023.05.17 22:21:55.845 INFO  Server.Server - Client accepted: Socket[addr=/192.168.0.194,port=49277,localport=5400]
2023.05.17 22:21:56.850 DEBUG Server.Server - Socket timeout
2023.05.17 22:21:57.860 DEBUG Server.Server - Socket timeout
2023.05.17 22:21:58.873 DEBUG Server.Server - Socket timeout
2023.05.17 22:21:59.885 DEBUG Server.Server - Socket timeout
2023.05.17 22:22:00.898 DEBUG Server.Server - Socket timeout
2023.05.17 22:22:01.910 DEBUG Server.Server - Socket timeout
2023.05.17 22:22:02.919 DEBUG Server.Server - Socket timeout
2023.05.17 22:22:03.930 DEBUG Server.Server - Socket timeout
2023.05.17 22:22:04.940 DEBUG Server.Server - Socket timeout
2023.05.17 22:22:05.954 DEBUG Server.Server - Socket timeout
2023.05.17 22:22:06.968 DEBUG Server.Server - Socket timeout
2023.05.17 22:22:07.970 DEBUG Server.Server - Socket timeout
2023.05.17 22:22:08.972 DEBUG Server.Server - Socket timeout
2023.05.17 22:22:09.985 DEBUG Server.Server - Socket timeout
2023.05.17 22:22:10.999 DEBUG Server.Server - Socket timeout
2023.05.17 22:22:12.012 DEBUG Server.Server - Socket timeout
2023.05.17 22:22:13.023 DEBUG Server.Server - Socket timeout
2023.05.17 22:22:14.026 DEBUG Server.Server - Socket timeout
2023.05.17 22:22:15.038 DEBUG Server.Server - Socket timeout
2023.05.17 22:22:16.051 DEBUG Server.Server - Socket timeout
2023.05.17 22:22:17.064 DEBUG Server.Server - Socket timeout
2023.05.17 22:22:18.075 DEBUG Server.Server - Socket timeout
2023.05.17 22:22:19.085 DEBUG Server.Server - Socket timeout
2023.05.17 22:22:20.090 DEBUG Server.Server - Socket timeout
2023.05.17 22:22:21.105 DEBUG Server.Server - Socket timeout
2023.05.17 22:22:22.108 DEBUG Server.Server - Socket timeout
2023.05.17 22:22:23.116 DEBUG Server.Server - Socket timeout
2023.05.17 22:22:24.128 DEBUG Server.Server - Socket timeout
2023.05.17 22:22:25.140 DEBUG Server.Server - Socket timeout
2023.05.17 22:22:26.144 DEBUG Server.Server - Socket timeout
2023.05.17 22:22:27.154 DEBUG Server.Server - Socket timeout
2023.05.17 22:22:28.169 DEBUG Server.Server - Socket timeout
2023.05.17 22:22:29.181 DEBUG Server.Server - Socket timeout
2023.05.17 22:22:30.192 DEBUG Server.Server - Socket timeout
2023.05.17 22:22:31.195 DEBUG Server.Server - Socket timeout
2023.05.17 22:22:32.208 DEBUG Server.Server - Socket timeout
2023.05.17 22:22:33.210 DEBUG Server.Server - Socket timeout
2023.05.17 22:22:34.221 DEBUG Server.Server - Socket timeout
2023.05.17 22:22:35.235 DEBUG Server.Server - Socket timeout
2023.05.17 22:22:36.246 DEBUG Server.Server - Socket timeout
2023.05.17 22:22:37.251 DEBUG Server.Server - Socket timeout
2023.05.17 22:22:38.260 DEBUG Server.Server - Socket timeout
2023.05.17 22:22:38.838 INFO  Server.Server - Client accepted: Socket[addr=/192.168.0.194,port=49332,localport=5400]
2023.05.17 22:22:39.842 DEBUG Server.Server - Socket timeout
2023.05.17 22:22:40.842 DEBUG Server.Server - Socket timeout
2023.05.17 22:22:41.856 DEBUG Server.Server - Socket timeout
2023.05.17 22:22:41.998 INFO  Server.Server - Done handling client: Socket[addr=/192.168.0.194,port=49332,localport=5400]
2023.05.17 22:22:42.751 INFO  Server.Server - Client accepted: Socket[addr=/192.168.0.194,port=49338,localport=5400]
2023.05.17 22:22:43.764 DEBUG Server.Server - Socket timeout
2023.05.17 22:22:44.773 DEBUG Server.Server - Socket timeout
2023.05.17 22:22:45.785 DEBUG Server.Server - Socket timeout
2023.05.17 22:22:46.794 DEBUG Server.Server - Socket timeout
2023.05.17 22:22:47.805 DEBUG Server.Server - Socket timeout
2023.05.17 22:22:48.820 DEBUG Server.Server - Socket timeout
2023.05.17 22:22:49.832 DEBUG Server.Server - Socket timeout
2023.05.17 22:22:50.846 DEBUG Server.Server - Socket timeout
2023.05.17 22:22:51.853 DEBUG Server.Server - Socket timeout
2023.05.17 22:22:52.865 DEBUG Server.Server - Socket timeout
2023.05.17 22:22:53.879 DEBUG Server.Server - Socket timeout
2023.05.17 22:22:54.892 DEBUG Server.Server - Socket timeout
2023.05.17 22:22:55.893 DEBUG Server.Server - Socket timeout
2023.05.17 22:22:56.905 DEBUG Server.Server - Socket timeout
2023.05.17 22:22:57.916 DEBUG Server.Server - Socket timeout
2023.05.17 22:22:58.924 DEBUG Server.Server - Socket timeout
2023.05.17 22:22:59.936 DEBUG Server.Server - Socket timeout
2023.05.17 22:23:00.947 DEBUG Server.Server - Socket timeout
2023.05.17 22:23:01.730 INFO  Server.Server - Done handling client: Socket[addr=/192.168.0.194,port=49338,localport=5400]
2023.05.17 22:23:01.960 DEBUG Server.Server - Socket timeout
2023.05.17 22:23:02.472 INFO  Server.Server - Client accepted: Socket[addr=/192.168.0.194,port=49363,localport=5400]
2023.05.17 22:23:03.474 DEBUG Server.Server - Socket timeout
2023.05.17 22:23:04.489 DEBUG Server.Server - Socket timeout
2023.05.17 22:23:05.503 DEBUG Server.Server - Socket timeout
2023.05.17 22:23:05.990 INFO  Server.Server - Done handling client: Socket[addr=/192.168.0.194,port=49363,localport=5400]
2023.05.17 22:23:06.503 DEBUG Server.Server - Socket timeout
2023.05.17 22:23:06.712 INFO  Server.Server - Client accepted: Socket[addr=/192.168.0.194,port=49369,localport=5400]
2023.05.17 22:23:07.721 DEBUG Server.Server - Socket timeout
2023.05.17 22:23:08.722 DEBUG Server.Server - Socket timeout
2023.05.17 22:23:09.732 DEBUG Server.Server - Socket timeout
2023.05.17 22:23:10.744 DEBUG Server.Server - Socket timeout
2023.05.17 22:23:11.756 DEBUG Server.Server - Socket timeout
2023.05.17 22:23:12.764 DEBUG Server.Server - Socket timeout
2023.05.17 22:23:13.772 DEBUG Server.Server - Socket timeout
2023.05.17 22:23:14.781 DEBUG Server.Server - Socket timeout
2023.05.17 22:23:15.787 DEBUG Server.Server - Socket timeout
2023.05.17 22:23:16.800 DEBUG Server.Server - Socket timeout
2023.05.17 22:23:17.814 DEBUG Server.Server - Socket timeout
2023.05.17 22:23:18.825 DEBUG Server.Server - Socket timeout
2023.05.17 22:23:19.836 DEBUG Server.Server - Socket timeout
2023.05.17 22:23:20.527 INFO  Server.Server - Done handling client: Socket[addr=/192.168.0.194,port=49277,localport=5400]
2023.05.17 22:23:20.851 DEBUG Server.Server - Socket timeout
2023.05.17 22:23:21.281 INFO  Server.Server - Client accepted: Socket[addr=/192.168.0.194,port=49385,localport=5400]
2023.05.17 22:23:22.293 DEBUG Server.Server - Socket timeout
2023.05.17 22:23:23.293 DEBUG Server.Server - Socket timeout
2023.05.17 22:23:24.306 DEBUG Server.Server - Socket timeout
2023.05.17 22:23:25.306 DEBUG Server.Server - Socket timeout
2023.05.17 22:23:26.320 DEBUG Server.Server - Socket timeout
2023.05.17 22:23:27.322 DEBUG Server.Server - Socket timeout
2023.05.17 22:23:28.335 DEBUG Server.Server - Socket timeout
2023.05.17 22:23:29.343 DEBUG Server.Server - Socket timeout
2023.05.17 22:23:30.355 DEBUG Server.Server - Socket timeout
2023.05.17 22:23:31.369 DEBUG Server.Server - Socket timeout
2023.05.17 22:23:32.382 DEBUG Server.Server - Socket timeout
2023.05.17 22:23:33.392 DEBUG Server.Server - Socket timeout
2023.05.17 22:23:34.403 DEBUG Server.Server - Socket timeout
2023.05.17 22:23:35.413 DEBUG Server.Server - Socket timeout
2023.05.17 22:23:36.426 DEBUG Server.Server - Socket timeout
2023.05.17 22:23:37.440 DEBUG Server.Server - Socket timeout
2023.05.17 22:23:38.449 DEBUG Server.Server - Socket timeout
2023.05.17 22:23:39.460 DEBUG Server.Server - Socket timeout
2023.05.17 22:23:40.473 DEBUG Server.Server - Socket timeout
2023.05.17 22:23:41.483 DEBUG Server.Server - Socket timeout
2023.05.17 22:23:42.496 DEBUG Server.Server - Socket timeout
2023.05.17 22:23:43.508 DEBUG Server.Server - Socket timeout
2023.05.17 22:23:44.522 DEBUG Server.Server - Socket timeout
2023.05.17 22:23:45.535 DEBUG Server.Server - Socket timeout
2023.05.17 22:23:46.548 DEBUG Server.Server - Socket timeout
2023.05.17 22:23:47.548 DEBUG Server.Server - Socket timeout
2023.05.17 22:23:48.558 DEBUG Server.Server - Socket timeout
2023.05.17 22:23:49.566 DEBUG Server.Server - Socket timeout
2023.05.17 22:23:50.575 DEBUG Server.Server - Socket timeout
2023.05.17 22:26:47.344 INFO  Server.Server - Starting server at port = 5400
2023.05.17 22:26:48.352 DEBUG Server.Server - Socket timeout
2023.05.17 22:26:49.362 DEBUG Server.Server - Socket timeout
2023.05.17 22:26:50.375 DEBUG Server.Server - Socket timeout
2023.05.17 22:26:51.389 DEBUG Server.Server - Socket timeout
2023.05.17 22:26:52.401 DEBUG Server.Server - Socket timeout
2023.05.17 22:26:53.411 DEBUG Server.Server - Socket timeout
2023.05.17 22:26:54.422 DEBUG Server.Server - Socket timeout
2023.05.17 22:26:54.993 INFO  Server.Server - Client accepted: Socket[addr=/192.168.0.194,port=49851,localport=5400]
2023.05.17 22:26:56.001 DEBUG Server.Server - Socket timeout
2023.05.17 22:26:57.011 DEBUG Server.Server - Socket timeout
2023.05.17 22:26:58.022 DEBUG Server.Server - Socket timeout
2023.05.17 22:26:59.028 DEBUG Server.Server - Socket timeout
2023.05.17 22:27:00.040 DEBUG Server.Server - Socket timeout
2023.05.17 22:27:00.972 INFO  Server.Server - Client accepted: Socket[addr=/192.168.0.194,port=49865,localport=5400]
2023.05.17 22:27:01.973 DEBUG Server.Server - Socket timeout
2023.05.17 22:27:02.980 DEBUG Server.Server - Socket timeout
2023.05.17 22:27:03.987 DEBUG Server.Server - Socket timeout
2023.05.17 22:27:04.995 DEBUG Server.Server - Socket timeout
2023.05.17 22:27:06.004 DEBUG Server.Server - Socket timeout
2023.05.17 22:27:07.013 DEBUG Server.Server - Socket timeout
2023.05.17 22:27:08.018 DEBUG Server.Server - Socket timeout
2023.05.17 22:27:09.031 DEBUG Server.Server - Socket timeout
2023.05.17 22:27:10.039 DEBUG Server.Server - Socket timeout
2023.05.17 22:27:11.050 DEBUG Server.Server - Socket timeout
2023.05.17 22:27:12.061 DEBUG Server.Server - Socket timeout
2023.05.17 22:27:13.073 DEBUG Server.Server - Socket timeout
2023.05.17 22:27:14.087 DEBUG Server.Server - Socket timeout
2023.05.17 22:27:15.096 DEBUG Server.Server - Socket timeout
2023.05.17 22:27:16.108 DEBUG Server.Server - Socket timeout
2023.05.17 22:27:17.120 DEBUG Server.Server - Socket timeout
2023.05.17 22:27:18.125 DEBUG Server.Server - Socket timeout
2023.05.17 22:27:19.134 DEBUG Server.Server - Socket timeout
2023.05.17 22:27:20.145 DEBUG Server.Server - Socket timeout
2023.05.17 22:27:21.156 DEBUG Server.Server - Socket timeout
2023.05.17 22:27:22.168 DEBUG Server.Server - Socket timeout
2023.05.17 22:27:23.181 DEBUG Server.Server - Socket timeout
2023.05.17 22:27:24.181 DEBUG Server.Server - Socket timeout
2023.05.17 22:27:25.192 DEBUG Server.Server - Socket timeout
2023.05.17 22:27:26.202 DEBUG Server.Server - Socket timeout
2023.05.17 22:27:27.214 DEBUG Server.Server - Socket timeout
2023.05.17 22:27:28.225 DEBUG Server.Server - Socket timeout
2023.05.17 22:27:29.233 DEBUG Server.Server - Socket timeout
2023.05.17 22:27:30.244 DEBUG Server.Server - Socket timeout
2023.05.17 22:27:31.255 DEBUG Server.Server - Socket timeout
2023.05.17 22:27:32.261 DEBUG Server.Server - Socket timeout
2023.05.17 22:27:33.262 DEBUG Server.Server - Socket timeout
2023.05.17 22:27:34.275 DEBUG Server.Server - Socket timeout
2023.05.17 22:27:35.286 DEBUG Server.Server - Socket timeout
2023.05.17 22:27:36.298 DEBUG Server.Server - Socket timeout
2023.05.17 22:27:37.312 DEBUG Server.Server - Socket timeout
2023.05.17 22:27:38.324 DEBUG Server.Server - Socket timeout
2023.05.17 22:27:39.335 DEBUG Server.Server - Socket timeout
2023.05.17 22:27:40.345 DEBUG Server.Server - Socket timeout
2023.05.17 22:27:41.359 DEBUG Server.Server - Socket timeout
2023.05.17 22:27:42.368 DEBUG Server.Server - Socket timeout
2023.05.17 22:27:43.377 DEBUG Server.Server - Socket timeout
2023.05.17 22:27:44.384 DEBUG Server.Server - Socket timeout
2023.05.17 22:27:45.396 DEBUG Server.Server - Socket timeout
2023.05.17 22:27:46.408 DEBUG Server.Server - Socket timeout
2023.05.17 22:27:47.418 DEBUG Server.Server - Socket timeout
2023.05.17 22:27:48.419 DEBUG Server.Server - Socket timeout
2023.05.17 22:27:49.428 DEBUG Server.Server - Socket timeout
2023.05.17 22:27:50.440 DEBUG Server.Server - Socket timeout
2023.05.17 22:27:51.454 DEBUG Server.Server - Socket timeout
2023.05.17 22:27:52.461 DEBUG Server.Server - Socket timeout
2023.05.17 22:27:53.468 DEBUG Server.Server - Socket timeout
2023.05.17 22:27:54.480 DEBUG Server.Server - Socket timeout
2023.05.17 22:27:55.493 DEBUG Server.Server - Socket timeout
2023.05.17 22:27:56.502 DEBUG Server.Server - Socket timeout
2023.05.17 22:27:57.513 DEBUG Server.Server - Socket timeout
2023.05.17 22:27:58.525 DEBUG Server.Server - Socket timeout
2023.05.17 22:27:59.536 DEBUG Server.Server - Socket timeout
2023.05.17 22:28:00.539 DEBUG Server.Server - Socket timeout
2023.05.17 22:28:01.546 DEBUG Server.Server - Socket timeout
2023.05.17 22:28:02.277 INFO  Server.Server - Client accepted: Socket[addr=/192.168.0.194,port=49904,localport=5400]
2023.05.17 22:28:03.289 DEBUG Server.Server - Socket timeout
2023.05.17 22:28:04.300 DEBUG Server.Server - Socket timeout
2023.05.17 22:28:05.312 DEBUG Server.Server - Socket timeout
2023.05.17 22:28:06.323 DEBUG Server.Server - Socket timeout
2023.05.17 22:28:07.336 DEBUG Server.Server - Socket timeout
2023.05.17 22:28:08.336 DEBUG Server.Server - Socket timeout
2023.05.17 22:28:09.347 DEBUG Server.Server - Socket timeout
2023.05.17 22:28:10.355 DEBUG Server.Server - Socket timeout
2023.05.17 22:28:11.369 DEBUG Server.Server - Socket timeout
2023.05.17 22:28:12.381 DEBUG Server.Server - Socket timeout
2023.05.17 22:28:13.382 DEBUG Server.Server - Socket timeout
2023.05.17 22:28:14.396 DEBUG Server.Server - Socket timeout
2023.05.17 22:28:15.403 DEBUG Server.Server - Socket timeout
2023.05.17 22:28:16.410 DEBUG Server.Server - Socket timeout
2023.05.17 22:28:17.412 DEBUG Server.Server - Socket timeout
2023.05.17 22:28:18.425 DEBUG Server.Server - Socket timeout
2023.05.17 22:28:19.434 DEBUG Server.Server - Socket timeout
2023.05.17 22:28:20.443 DEBUG Server.Server - Socket timeout
2023.05.17 22:28:21.455 DEBUG Server.Server - Socket timeout
2023.05.17 22:28:22.464 DEBUG Server.Server - Socket timeout
2023.05.17 22:28:23.478 DEBUG Server.Server - Socket timeout
2023.05.17 22:28:24.493 DEBUG Server.Server - Socket timeout
2023.05.17 22:28:24.497 INFO  Server.Server - Done handling client: Socket[addr=/192.168.0.194,port=49865,localport=5400]
2023.05.17 22:28:25.243 INFO  Server.Server - Client accepted: Socket[addr=/192.168.0.194,port=49918,localport=5400]
2023.05.17 22:28:26.249 DEBUG Server.Server - Socket timeout
2023.05.17 22:28:27.260 DEBUG Server.Server - Socket timeout
2023.05.17 22:28:28.261 DEBUG Server.Server - Socket timeout
2023.05.17 22:28:29.271 DEBUG Server.Server - Socket timeout
2023.05.17 22:28:30.282 DEBUG Server.Server - Socket timeout
2023.05.17 22:28:31.283 DEBUG Server.Server - Socket timeout
2023.05.17 22:28:32.291 DEBUG Server.Server - Socket timeout
2023.05.17 22:28:33.300 DEBUG Server.Server - Socket timeout
2023.05.17 22:28:34.308 DEBUG Server.Server - Socket timeout
2023.05.17 22:28:35.317 DEBUG Server.Server - Socket timeout
2023.05.17 22:28:36.325 DEBUG Server.Server - Socket timeout
2023.05.17 22:28:37.340 DEBUG Server.Server - Socket timeout
2023.05.17 22:28:37.667 INFO  Server.Server - Done handling client: Socket[addr=/192.168.0.194,port=49851,localport=5400]
2023.05.17 22:28:38.301 INFO  Server.Server - Client accepted: Socket[addr=/192.168.0.194,port=49936,localport=5400]
2023.05.17 22:28:39.306 DEBUG Server.Server - Socket timeout
2023.05.17 22:28:40.322 DEBUG Server.Server - Socket timeout
2023.05.17 22:28:41.330 DEBUG Server.Server - Socket timeout
2023.05.17 22:28:42.342 DEBUG Server.Server - Socket timeout
2023.05.17 22:28:43.356 DEBUG Server.Server - Socket timeout
2023.05.17 22:28:43.499 INFO  Server.Server - Done handling client: Socket[addr=/192.168.0.194,port=49936,localport=5400]
2023.05.17 22:28:44.194 INFO  Server.Server - Client accepted: Socket[addr=/192.168.0.194,port=49952,localport=5400]
2023.05.17 22:28:45.195 DEBUG Server.Server - Socket timeout
2023.05.17 22:28:46.206 DEBUG Server.Server - Socket timeout
2023.05.17 22:28:47.219 DEBUG Server.Server - Socket timeout
2023.05.17 22:28:48.231 DEBUG Server.Server - Socket timeout
2023.05.17 22:28:49.245 DEBUG Server.Server - Socket timeout
2023.05.17 22:28:50.258 DEBUG Server.Server - Socket timeout
2023.05.17 22:28:51.267 DEBUG Server.Server - Socket timeout
2023.05.17 22:28:52.280 DEBUG Server.Server - Socket timeout
2023.05.17 22:28:53.292 DEBUG Server.Server - Socket timeout
2023.05.17 22:28:54.301 DEBUG Server.Server - Socket timeout
2023.05.17 22:28:55.303 DEBUG Server.Server - Socket timeout
2023.05.17 22:28:56.316 DEBUG Server.Server - Socket timeout
2023.05.17 22:28:57.328 DEBUG Server.Server - Socket timeout
2023.05.17 22:28:57.787 INFO  Server.Server - Done handling client: Socket[addr=/192.168.0.194,port=49952,localport=5400]
2023.05.17 22:28:58.344 DEBUG Server.Server - Socket timeout
2023.05.17 22:28:58.573 INFO  Server.Server - Client accepted: Socket[addr=/192.168.0.194,port=49979,localport=5400]
2023.05.17 22:28:59.575 DEBUG Server.Server - Socket timeout
2023.05.17 22:29:00.583 DEBUG Server.Server - Socket timeout
2023.05.17 22:29:01.592 DEBUG Server.Server - Socket timeout
2023.05.17 22:29:02.592 DEBUG Server.Server - Socket timeout
2023.05.17 22:29:03.599 DEBUG Server.Server - Socket timeout
2023.05.17 22:29:04.613 DEBUG Server.Server - Socket timeout
2023.05.17 22:29:05.627 DEBUG Server.Server - Socket timeout
2023.05.17 22:29:06.627 DEBUG Server.Server - Socket timeout
2023.05.17 22:29:07.634 DEBUG Server.Server - Socket timeout
2023.05.17 22:29:08.647 DEBUG Server.Server - Socket timeout
2023.05.17 22:29:09.656 DEBUG Server.Server - Socket timeout
2023.05.17 22:29:10.667 DEBUG Server.Server - Socket timeout
2023.05.17 22:29:11.668 DEBUG Server.Server - Socket timeout
2023.05.17 22:29:12.682 DEBUG Server.Server - Socket timeout
2023.05.17 22:29:13.696 DEBUG Server.Server - Socket timeout
2023.05.17 22:29:14.709 DEBUG Server.Server - Socket timeout
2023.05.17 22:29:15.719 DEBUG Server.Server - Socket timeout
2023.05.17 22:29:16.734 DEBUG Server.Server - Socket timeout
2023.05.17 22:29:17.748 DEBUG Server.Server - Socket timeout
2023.05.17 22:29:18.759 DEBUG Server.Server - Socket timeout
2023.05.17 22:29:19.773 DEBUG Server.Server - Socket timeout
2023.05.17 22:29:20.787 DEBUG Server.Server - Socket timeout
2023.05.17 22:29:21.800 DEBUG Server.Server - Socket timeout
2023.05.17 22:29:22.812 DEBUG Server.Server - Socket timeout
2023.05.17 22:29:23.820 DEBUG Server.Server - Socket timeout
2023.05.17 22:29:24.831 DEBUG Server.Server - Socket timeout
2023.05.17 22:29:25.844 DEBUG Server.Server - Socket timeout
2023.05.17 22:29:26.845 DEBUG Server.Server - Socket timeout
2023.05.17 22:29:27.859 DEBUG Server.Server - Socket timeout
2023.05.17 22:29:28.873 DEBUG Server.Server - Socket timeout
2023.05.17 22:29:29.876 DEBUG Server.Server - Socket timeout
2023.05.17 22:29:30.889 DEBUG Server.Server - Socket timeout
2023.05.17 22:29:31.898 DEBUG Server.Server - Socket timeout
2023.05.17 22:29:32.908 DEBUG Server.Server - Socket timeout
2023.05.17 22:29:33.919 DEBUG Server.Server - Socket timeout
2023.05.17 22:29:34.929 DEBUG Server.Server - Socket timeout
2023.05.17 22:29:35.940 DEBUG Server.Server - Socket timeout
2023.05.17 22:29:36.954 DEBUG Server.Server - Socket timeout
2023.05.17 22:29:37.965 DEBUG Server.Server - Socket timeout
2023.05.17 22:29:38.976 DEBUG Server.Server - Socket timeout
2023.05.17 22:29:39.976 DEBUG Server.Server - Socket timeout
2023.05.17 22:29:40.988 DEBUG Server.Server - Socket timeout
2023.05.17 22:29:42.000 DEBUG Server.Server - Socket timeout
2023.05.17 22:29:43.013 DEBUG Server.Server - Socket timeout
2023.05.17 22:29:44.025 DEBUG Server.Server - Socket timeout
2023.05.17 22:29:45.038 DEBUG Server.Server - Socket timeout
2023.05.17 22:29:46.051 DEBUG Server.Server - Socket timeout
2023.05.17 22:29:47.065 DEBUG Server.Server - Socket timeout
2023.05.17 22:29:48.072 DEBUG Server.Server - Socket timeout
2023.05.17 22:29:49.082 DEBUG Server.Server - Socket timeout
2023.05.17 22:29:50.089 DEBUG Server.Server - Socket timeout
2023.05.17 22:29:51.104 DEBUG Server.Server - Socket timeout
2023.05.17 22:29:52.111 DEBUG Server.Server - Socket timeout
2023.05.17 22:29:53.123 DEBUG Server.Server - Socket timeout
2023.05.17 22:29:54.133 DEBUG Server.Server - Socket timeout
2023.05.17 22:29:55.147 DEBUG Server.Server - Socket timeout
2023.05.17 22:29:56.136 INFO  Server.Server - Client accepted: Socket[addr=/192.168.0.194,port=50012,localport=5400]
2023.05.17 22:29:57.144 DEBUG Server.Server - Socket timeout
2023.05.17 22:29:58.154 DEBUG Server.Server - Socket timeout
2023.05.17 22:29:59.155 DEBUG Server.Server - Socket timeout
2023.05.17 22:30:00.167 DEBUG Server.Server - Socket timeout
2023.05.17 22:30:01.182 DEBUG Server.Server - Socket timeout
2023.05.17 22:30:02.190 DEBUG Server.Server - Socket timeout
2023.05.17 22:30:03.204 DEBUG Server.Server - Socket timeout
2023.05.17 22:30:04.216 DEBUG Server.Server - Socket timeout
2023.05.17 22:30:05.227 DEBUG Server.Server - Socket timeout
2023.05.17 22:30:06.238 DEBUG Server.Server - Socket timeout
2023.05.17 22:30:07.247 DEBUG Server.Server - Socket timeout
2023.05.17 22:30:08.247 DEBUG Server.Server - Socket timeout
2023.05.17 22:30:09.257 DEBUG Server.Server - Socket timeout
2023.05.17 22:30:10.271 DEBUG Server.Server - Socket timeout
2023.05.17 22:30:11.282 DEBUG Server.Server - Socket timeout
2023.05.17 22:30:12.296 DEBUG Server.Server - Socket timeout
2023.05.17 22:30:13.306 DEBUG Server.Server - Socket timeout
2023.05.17 22:30:14.317 DEBUG Server.Server - Socket timeout
2023.05.17 22:30:15.328 DEBUG Server.Server - Socket timeout
2023.05.17 22:30:16.341 DEBUG Server.Server - Socket timeout
2023.05.17 22:30:17.353 DEBUG Server.Server - Socket timeout
2023.05.17 22:30:18.363 DEBUG Server.Server - Socket timeout
2023.05.17 22:30:19.376 DEBUG Server.Server - Socket timeout
2023.05.17 22:30:20.386 DEBUG Server.Server - Socket timeout
2023.05.17 22:30:21.391 DEBUG Server.Server - Socket timeout
2023.05.17 22:30:22.401 DEBUG Server.Server - Socket timeout
2023.05.17 22:30:23.409 DEBUG Server.Server - Socket timeout
2023.05.17 22:30:24.420 DEBUG Server.Server - Socket timeout
2023.05.17 22:30:25.432 DEBUG Server.Server - Socket timeout
2023.05.17 22:30:26.443 DEBUG Server.Server - Socket timeout
2023.05.17 22:30:27.452 DEBUG Server.Server - Socket timeout
2023.05.17 22:30:28.462 DEBUG Server.Server - Socket timeout
2023.05.17 22:30:29.474 DEBUG Server.Server - Socket timeout
2023.05.17 22:30:30.473 DEBUG Server.Server - Socket timeout
2023.05.17 22:30:31.483 DEBUG Server.Server - Socket timeout
2023.05.17 22:30:32.498 DEBUG Server.Server - Socket timeout
2023.05.17 22:30:33.507 DEBUG Server.Server - Socket timeout
2023.05.17 22:30:34.514 DEBUG Server.Server - Socket timeout
2023.05.17 22:30:35.523 DEBUG Server.Server - Socket timeout
2023.05.17 22:30:36.536 DEBUG Server.Server - Socket timeout
2023.05.17 22:30:37.549 DEBUG Server.Server - Socket timeout
2023.05.17 22:30:38.561 DEBUG Server.Server - Socket timeout
2023.05.17 22:30:39.568 DEBUG Server.Server - Socket timeout
2023.05.17 22:30:40.576 DEBUG Server.Server - Socket timeout
2023.05.17 22:30:41.588 DEBUG Server.Server - Socket timeout
2023.05.17 22:30:42.588 DEBUG Server.Server - Socket timeout
2023.05.17 22:30:43.598 DEBUG Server.Server - Socket timeout
2023.05.17 22:30:44.612 DEBUG Server.Server - Socket timeout
2023.05.17 22:30:45.626 DEBUG Server.Server - Socket timeout
2023.05.17 22:30:46.635 DEBUG Server.Server - Socket timeout
2023.05.17 22:30:47.646 DEBUG Server.Server - Socket timeout
2023.05.17 22:30:48.659 DEBUG Server.Server - Socket timeout
2023.05.17 22:30:49.671 DEBUG Server.Server - Socket timeout
2023.05.17 22:30:50.682 DEBUG Server.Server - Socket timeout
2023.05.17 22:30:51.696 DEBUG Server.Server - Socket timeout
2023.05.17 22:30:52.702 DEBUG Server.Server - Socket timeout
2023.05.17 22:30:53.702 DEBUG Server.Server - Socket timeout
2023.05.17 22:30:54.716 DEBUG Server.Server - Socket timeout
2023.05.17 22:30:55.722 DEBUG Server.Server - Socket timeout
2023.05.17 22:30:56.730 DEBUG Server.Server - Socket timeout
2023.05.17 22:30:57.740 DEBUG Server.Server - Socket timeout
2023.05.17 22:30:58.745 DEBUG Server.Server - Socket timeout
2023.05.17 22:30:59.757 DEBUG Server.Server - Socket timeout
2023.05.17 22:31:00.758 DEBUG Server.Server - Socket timeout
2023.05.17 22:31:01.769 DEBUG Server.Server - Socket timeout
2023.05.17 22:31:02.782 DEBUG Server.Server - Socket timeout
2023.05.17 22:31:03.794 DEBUG Server.Server - Socket timeout
2023.05.17 22:31:04.806 DEBUG Server.Server - Socket timeout
2023.05.17 22:31:05.819 DEBUG Server.Server - Socket timeout
2023.05.17 22:31:06.833 DEBUG Server.Server - Socket timeout
2023.05.17 22:31:07.845 DEBUG Server.Server - Socket timeout
2023.05.17 22:31:08.856 DEBUG Server.Server - Socket timeout
2023.05.17 22:31:09.864 DEBUG Server.Server - Socket timeout
2023.05.17 22:31:10.874 DEBUG Server.Server - Socket timeout
2023.05.17 22:31:11.887 DEBUG Server.Server - Socket timeout
2023.05.17 22:31:12.895 DEBUG Server.Server - Socket timeout
2023.05.17 22:31:13.906 DEBUG Server.Server - Socket timeout
2023.05.17 22:31:14.917 DEBUG Server.Server - Socket timeout
2023.05.17 22:31:15.929 DEBUG Server.Server - Socket timeout
2023.05.17 22:31:16.942 DEBUG Server.Server - Socket timeout
2023.05.17 22:31:17.948 DEBUG Server.Server - Socket timeout
2023.05.17 22:31:18.959 DEBUG Server.Server - Socket timeout
2023.05.17 22:31:19.969 DEBUG Server.Server - Socket timeout
2023.05.17 22:31:20.982 DEBUG Server.Server - Socket timeout
2023.05.17 22:31:21.997 DEBUG Server.Server - Socket timeout
2023.05.17 22:31:23.004 DEBUG Server.Server - Socket timeout
2023.05.17 22:31:24.016 DEBUG Server.Server - Socket timeout
2023.05.17 22:31:25.029 DEBUG Server.Server - Socket timeout
2023.05.17 22:31:26.038 DEBUG Server.Server - Socket timeout
2023.05.17 22:31:27.048 DEBUG Server.Server - Socket timeout
2023.05.17 22:31:28.059 DEBUG Server.Server - Socket timeout
2023.05.17 22:31:29.065 DEBUG Server.Server - Socket timeout
2023.05.17 22:31:30.078 DEBUG Server.Server - Socket timeout
2023.05.17 22:31:31.088 DEBUG Server.Server - Socket timeout
2023.05.17 22:31:32.102 DEBUG Server.Server - Socket timeout
2023.05.17 22:31:33.115 DEBUG Server.Server - Socket timeout
2023.05.17 22:31:34.127 DEBUG Server.Server - Socket timeout
2023.05.17 22:31:35.135 DEBUG Server.Server - Socket timeout
2023.05.17 22:31:36.143 DEBUG Server.Server - Socket timeout
2023.05.17 22:31:37.156 DEBUG Server.Server - Socket timeout
2023.05.17 22:31:38.168 DEBUG Server.Server - Socket timeout
2023.05.17 22:31:39.180 DEBUG Server.Server - Socket timeout
2023.05.17 22:31:40.194 DEBUG Server.Server - Socket timeout
2023.05.17 22:31:41.208 DEBUG Server.Server - Socket timeout
2023.05.17 22:31:42.220 DEBUG Server.Server - Socket timeout
2023.05.17 22:31:43.230 DEBUG Server.Server - Socket timeout
2023.05.17 22:31:44.244 DEBUG Server.Server - Socket timeout
2023.05.17 22:31:45.250 DEBUG Server.Server - Socket timeout
2023.05.17 22:31:46.264 DEBUG Server.Server - Socket timeout
2023.05.17 22:31:47.277 DEBUG Server.Server - Socket timeout
2023.05.17 22:31:48.276 DEBUG Server.Server - Socket timeout
2023.05.17 22:31:49.290 DEBUG Server.Server - Socket timeout
2023.05.17 22:31:50.298 DEBUG Server.Server - Socket timeout
2023.05.17 22:31:51.312 DEBUG Server.Server - Socket timeout
2023.05.17 22:31:52.312 DEBUG Server.Server - Socket timeout
2023.05.17 22:31:53.320 DEBUG Server.Server - Socket timeout
2023.05.17 22:31:54.328 DEBUG Server.Server - Socket timeout
2023.05.17 22:31:55.336 DEBUG Server.Server - Socket timeout
2023.05.17 22:31:56.336 DEBUG Server.Server - Socket timeout
2023.05.17 22:31:57.349 DEBUG Server.Server - Socket timeout
2023.05.17 22:31:58.358 DEBUG Server.Server - Socket timeout
2023.05.17 22:31:59.370 DEBUG Server.Server - Socket timeout
2023.05.17 22:32:00.381 DEBUG Server.Server - Socket timeout
2023.05.17 22:32:01.394 DEBUG Server.Server - Socket timeout
2023.05.17 22:32:02.406 DEBUG Server.Server - Socket timeout
2023.05.17 22:32:03.416 DEBUG Server.Server - Socket timeout
2023.05.17 22:32:04.427 DEBUG Server.Server - Socket timeout
2023.05.17 22:32:05.436 DEBUG Server.Server - Socket timeout
2023.05.17 22:32:06.447 DEBUG Server.Server - Socket timeout
2023.05.17 22:32:07.458 DEBUG Server.Server - Socket timeout
2023.05.17 22:32:08.471 DEBUG Server.Server - Socket timeout
2023.05.17 22:32:09.484 DEBUG Server.Server - Socket timeout
2023.05.17 22:32:10.495 DEBUG Server.Server - Socket timeout
2023.05.17 22:32:11.508 DEBUG Server.Server - Socket timeout
2023.05.17 22:32:12.521 DEBUG Server.Server - Socket timeout
2023.05.17 22:32:13.531 DEBUG Server.Server - Socket timeout
2023.05.17 22:32:14.544 DEBUG Server.Server - Socket timeout
2023.05.17 22:32:15.548 DEBUG Server.Server - Socket timeout
2023.05.17 22:32:16.560 DEBUG Server.Server - Socket timeout
2023.05.17 22:32:17.568 DEBUG Server.Server - Socket timeout
2023.05.17 22:32:18.581 DEBUG Server.Server - Socket timeout
2023.05.17 22:32:19.592 DEBUG Server.Server - Socket timeout
2023.05.17 22:32:20.602 DEBUG Server.Server - Socket timeout
2023.05.17 22:32:21.615 DEBUG Server.Server - Socket timeout
2023.05.17 22:32:22.626 DEBUG Server.Server - Socket timeout
2023.05.17 22:32:23.634 DEBUG Server.Server - Socket timeout
2023.05.17 22:32:24.648 DEBUG Server.Server - Socket timeout
2023.05.17 22:32:25.660 DEBUG Server.Server - Socket timeout
